mode: set
github.com/mertenvg/dmcn/internal/keystore/keystore.go:60.45,65.2 1 1
github.com/mertenvg/dmcn/internal/keystore/keystore.go:69.79,74.39 4 1
github.com/mertenvg/dmcn/internal/keystore/keystore.go:74.39,76.3 1 0
github.com/mertenvg/dmcn/internal/keystore/keystore.go:77.2,77.23 1 1
github.com/mertenvg/dmcn/internal/keystore/keystore.go:77.23,79.3 1 1
github.com/mertenvg/dmcn/internal/keystore/keystore.go:81.2,90.31 2 1
github.com/mertenvg/dmcn/internal/keystore/keystore.go:95.77,100.16 4 1
github.com/mertenvg/dmcn/internal/keystore/keystore.go:100.16,101.25 1 1
github.com/mertenvg/dmcn/internal/keystore/keystore.go:101.25,103.4 1 1
github.com/mertenvg/dmcn/internal/keystore/keystore.go:104.3,104.18 1 1
github.com/mertenvg/dmcn/internal/keystore/keystore.go:107.2,108.9 2 1
github.com/mertenvg/dmcn/internal/keystore/keystore.go:108.9,110.3 1 1
github.com/mertenvg/dmcn/internal/keystore/keystore.go:112.2,112.27 1 1
github.com/mertenvg/dmcn/internal/keystore/keystore.go:116.46,121.16 4 1
github.com/mertenvg/dmcn/internal/keystore/keystore.go:121.16,122.25 1 1
github.com/mertenvg/dmcn/internal/keystore/keystore.go:122.25,124.4 1 1
github.com/mertenvg/dmcn/internal/keystore/keystore.go:125.3,125.18 1 0
github.com/mertenvg/dmcn/internal/keystore/keystore.go:128.2,129.31 2 1
github.com/mertenvg/dmcn/internal/keystore/keystore.go:129.31,131.3 1 1
github.com/mertenvg/dmcn/internal/keystore/keystore.go:132.2,132.19 1 1
github.com/mertenvg/dmcn/internal/keystore/keystore.go:136.66,138.16 2 1
github.com/mertenvg/dmcn/internal/keystore/keystore.go:138.16,140.3 1 1
github.com/mertenvg/dmcn/internal/keystore/keystore.go:142.2,143.50 2 1
github.com/mertenvg/dmcn/internal/keystore/keystore.go:143.50,145.3 1 1
github.com/mertenvg/dmcn/internal/keystore/keystore.go:147.2,148.16 2 1
github.com/mertenvg/dmcn/internal/keystore/keystore.go:148.16,150.3 1 0
github.com/mertenvg/dmcn/internal/keystore/keystore.go:151.2,152.16 2 1
github.com/mertenvg/dmcn/internal/keystore/keystore.go:152.16,154.3 1 0
github.com/mertenvg/dmcn/internal/keystore/keystore.go:155.2,156.16 2 1
github.com/mertenvg/dmcn/internal/keystore/keystore.go:156.16,158.3 1 0
github.com/mertenvg/dmcn/internal/keystore/keystore.go:159.2,160.16 2 1
github.com/mertenvg/dmcn/internal/keystore/keystore.go:160.16,162.3 1 0
github.com/mertenvg/dmcn/internal/keystore/keystore.go:164.2,165.16 2 1
github.com/mertenvg/dmcn/internal/keystore/keystore.go:165.16,167.3 1 0
github.com/mertenvg/dmcn/internal/keystore/keystore.go:169.2,170.16 2 1
github.com/mertenvg/dmcn/internal/keystore/keystore.go:170.16,172.3 1 1
github.com/mertenvg/dmcn/internal/keystore/keystore.go:174.2,175.63 2 1
github.com/mertenvg/dmcn/internal/keystore/keystore.go:175.63,177.3 1 0
github.com/mertenvg/dmcn/internal/keystore/keystore.go:179.2,179.24 1 1
github.com/mertenvg/dmcn/internal/keystore/keystore.go:183.73,185.16 2 1
github.com/mertenvg/dmcn/internal/keystore/keystore.go:185.16,187.3 1 0
github.com/mertenvg/dmcn/internal/keystore/keystore.go:189.2,190.16 2 1
github.com/mertenvg/dmcn/internal/keystore/keystore.go:190.16,192.3 1 0
github.com/mertenvg/dmcn/internal/keystore/keystore.go:194.2,195.16 2 1
github.com/mertenvg/dmcn/internal/keystore/keystore.go:195.16,197.3 1 0
github.com/mertenvg/dmcn/internal/keystore/keystore.go:199.2,200.16 2 1
github.com/mertenvg/dmcn/internal/keystore/keystore.go:200.16,202.3 1 0
github.com/mertenvg/dmcn/internal/keystore/keystore.go:204.2,213.16 3 1
github.com/mertenvg/dmcn/internal/keystore/keystore.go:213.16,215.3 1 0
github.com/mertenvg/dmcn/internal/keystore/keystore.go:217.2,217.58 1 1
github.com/mertenvg/dmcn/internal/keystore/keystore.go:217.58,219.3 1 0
github.com/mertenvg/dmcn/internal/keystore/keystore.go:221.2,221.12 1 1
github.com/mertenvg/dmcn/internal/keystore/keystore.go:225.73,227.16 2 1
github.com/mertenvg/dmcn/internal/keystore/keystore.go:227.16,229.3 1 0
github.com/mertenvg/dmcn/internal/keystore/keystore.go:230.2,231.16 2 1
github.com/mertenvg/dmcn/internal/keystore/keystore.go:231.16,233.3 1 0
github.com/mertenvg/dmcn/internal/keystore/keystore.go:234.2,235.16 2 1
github.com/mertenvg/dmcn/internal/keystore/keystore.go:235.16,237.3 1 0
github.com/mertenvg/dmcn/internal/keystore/keystore.go:238.2,239.16 2 1
github.com/mertenvg/dmcn/internal/keystore/keystore.go:239.16,241.3 1 0
github.com/mertenvg/dmcn/internal/keystore/keystore.go:242.2,243.16 2 1
github.com/mertenvg/dmcn/internal/keystore/keystore.go:243.16,245.3 1 0
github.com/mertenvg/dmcn/internal/keystore/keystore.go:247.2,256.16 5 1
