mode: set
github.com/mertenvg/dmcn/internal/node/node.go:40.58,44.16 3 0
github.com/mertenvg/dmcn/internal/node/node.go:44.16,47.3 2 0
github.com/mertenvg/dmcn/internal/node/node.go:49.2,52.16 2 0
github.com/mertenvg/dmcn/internal/node/node.go:52.16,55.3 2 0
github.com/mertenvg/dmcn/internal/node/node.go:58.2,61.16 2 0
github.com/mertenvg/dmcn/internal/node/node.go:61.16,65.3 3 0
github.com/mertenvg/dmcn/internal/node/node.go:68.2,73.28 4 0
github.com/mertenvg/dmcn/internal/node/node.go:73.28,75.3 1 0
github.com/mertenvg/dmcn/internal/node/node.go:77.2,87.46 2 0
github.com/mertenvg/dmcn/internal/node/node.go:87.46,88.49 1 0
github.com/mertenvg/dmcn/internal/node/node.go:88.49,91.4 1 0
github.com/mertenvg/dmcn/internal/node/node.go:94.2,94.15 1 0
github.com/mertenvg/dmcn/internal/node/node.go:98.33,100.2 1 0
github.com/mertenvg/dmcn/internal/node/node.go:103.46,105.2 1 0
github.com/mertenvg/dmcn/internal/node/node.go:108.37,110.2 1 0
github.com/mertenvg/dmcn/internal/node/node.go:114.46,116.2 1 0
github.com/mertenvg/dmcn/internal/node/node.go:119.33,121.2 1 0
github.com/mertenvg/dmcn/internal/node/node.go:124.33,131.16 4 0
github.com/mertenvg/dmcn/internal/node/node.go:131.16,133.3 1 0
github.com/mertenvg/dmcn/internal/node/node.go:134.2,135.26 2 0
github.com/mertenvg/dmcn/internal/node/node.go:135.26,137.3 1 0
github.com/mertenvg/dmcn/internal/node/node.go:138.2,138.15 1 0
github.com/mertenvg/dmcn/internal/node/node.go:142.47,144.16 2 0
github.com/mertenvg/dmcn/internal/node/node.go:144.16,146.3 1 0
github.com/mertenvg/dmcn/internal/node/node.go:148.2,149.16 2 0
github.com/mertenvg/dmcn/internal/node/node.go:149.16,151.3 1 0
github.com/mertenvg/dmcn/internal/node/node.go:153.2,153.57 1 0
github.com/mertenvg/dmcn/internal/node/node.go:153.57,155.3 1 0
github.com/mertenvg/dmcn/internal/node/node.go:157.2,157.12 1 0
github.com/mertenvg/dmcn/internal/node/node.go:161.30,167.2 5 0
github.com/mertenvg/dmcn/internal/registry/registry.go:48.48,49.26 1 0
github.com/mertenvg/dmcn/internal/registry/registry.go:49.26,51.3 1 0
github.com/mertenvg/dmcn/internal/registry/registry.go:55.43,56.26 1 0
github.com/mertenvg/dmcn/internal/registry/registry.go:56.26,58.3 1 0
github.com/mertenvg/dmcn/internal/registry/registry.go:62.79,66.25 2 0
github.com/mertenvg/dmcn/internal/registry/registry.go:66.25,68.3 1 0
github.com/mertenvg/dmcn/internal/registry/registry.go:70.2,77.16 3 0
github.com/mertenvg/dmcn/internal/registry/registry.go:77.16,79.3 1 0
github.com/mertenvg/dmcn/internal/registry/registry.go:81.2,81.41 1 0
github.com/mertenvg/dmcn/internal/registry/registry.go:81.41,83.3 1 0
github.com/mertenvg/dmcn/internal/registry/registry.go:85.2,85.40 1 0
github.com/mertenvg/dmcn/internal/registry/registry.go:90.86,91.37 1 0
github.com/mertenvg/dmcn/internal/registry/registry.go:91.37,93.3 1 0
github.com/mertenvg/dmcn/internal/registry/registry.go:95.2,97.16 3 0
github.com/mertenvg/dmcn/internal/registry/registry.go:97.16,99.3 1 0
github.com/mertenvg/dmcn/internal/registry/registry.go:101.2,102.55 2 0
github.com/mertenvg/dmcn/internal/registry/registry.go:102.55,104.3 1 0
github.com/mertenvg/dmcn/internal/registry/registry.go:106.2,106.12 1 0
github.com/mertenvg/dmcn/internal/registry/registry.go:111.98,115.16 3 0
github.com/mertenvg/dmcn/internal/registry/registry.go:115.16,118.3 1 0
github.com/mertenvg/dmcn/internal/registry/registry.go:120.2,121.16 2 0
github.com/mertenvg/dmcn/internal/registry/registry.go:121.16,123.3 1 0
github.com/mertenvg/dmcn/internal/registry/registry.go:125.2,125.37 1 0
github.com/mertenvg/dmcn/internal/registry/registry.go:125.37,127.3 1 0
github.com/mertenvg/dmcn/internal/registry/registry.go:129.2,129.17 1 0
github.com/mertenvg/dmcn/internal/registry/registry.go:133.34,135.2 1 0
github.com/mertenvg/dmcn/internal/registry/registry.go:138.42,141.2 2 0
github.com/mertenvg/dmcn/internal/registry/registry.go:144.69,146.16 2 0
github.com/mertenvg/dmcn/internal/registry/registry.go:146.16,148.3 1 0
github.com/mertenvg/dmcn/internal/registry/registry.go:149.2,149.17 1 0
github.com/mertenvg/dmcn/internal/registry/registry.go:161.70,163.16 2 0
github.com/mertenvg/dmcn/internal/registry/registry.go:163.16,165.3 1 0
github.com/mertenvg/dmcn/internal/registry/registry.go:166.2,166.37 1 0
github.com/mertenvg/dmcn/internal/registry/registry.go:166.37,168.3 1 0
github.com/mertenvg/dmcn/internal/registry/registry.go:169.2,169.12 1 0
github.com/mertenvg/dmcn/internal/registry/registry.go:173.76,174.20 1 0
github.com/mertenvg/dmcn/internal/registry/registry.go:174.20,176.3 1 0
github.com/mertenvg/dmcn/internal/registry/registry.go:177.2,179.16 3 0
github.com/mertenvg/dmcn/internal/registry/registry.go:179.16,181.3 1 0
github.com/mertenvg/dmcn/internal/registry/registry.go:183.2,183.33 1 0
github.com/mertenvg/dmcn/internal/registry/registry.go:183.33,185.17 2 0
github.com/mertenvg/dmcn/internal/registry/registry.go:185.17,186.12 1 0
github.com/mertenvg/dmcn/internal/registry/registry.go:188.3,188.45 1 0
github.com/mertenvg/dmcn/internal/registry/registry.go:188.45,191.4 2 0
github.com/mertenvg/dmcn/internal/registry/registry.go:193.2,193.21 1 0
github.com/mertenvg/dmcn/internal/relay/ratelimit.go:23.50,30.2 1 1
github.com/mertenvg/dmcn/internal/relay/ratelimit.go:34.54,44.29 7 1
github.com/mertenvg/dmcn/internal/relay/ratelimit.go:44.29,45.22 1 1
github.com/mertenvg/dmcn/internal/relay/ratelimit.go:45.22,47.4 1 1
github.com/mertenvg/dmcn/internal/relay/ratelimit.go:50.2,50.34 1 1
github.com/mertenvg/dmcn/internal/relay/ratelimit.go:50.34,53.3 2 1
github.com/mertenvg/dmcn/internal/relay/ratelimit.go:55.2,56.13 2 1
github.com/mertenvg/dmcn/internal/relay/relay.go:61.65,66.25 2 0
github.com/mertenvg/dmcn/internal/relay/relay.go:66.25,68.3 1 0
github.com/mertenvg/dmcn/internal/relay/relay.go:70.2,76.3 1 0
github.com/mertenvg/dmcn/internal/relay/relay.go:88.43,89.31 1 0
github.com/mertenvg/dmcn/internal/relay/relay.go:89.31,91.3 1 0
github.com/mertenvg/dmcn/internal/relay/relay.go:95.25,98.15 3 0
github.com/mertenvg/dmcn/internal/relay/relay.go:98.15,100.3 1 0
github.com/mertenvg/dmcn/internal/relay/relay.go:101.2,103.53 3 0
github.com/mertenvg/dmcn/internal/relay/relay.go:107.24,110.16 3 0
github.com/mertenvg/dmcn/internal/relay/relay.go:110.16,112.3 1 0
github.com/mertenvg/dmcn/internal/relay/relay.go:113.2,114.40 2 0
github.com/mertenvg/dmcn/internal/relay/relay.go:118.39,120.2 1 0
github.com/mertenvg/dmcn/internal/relay/relay.go:123.48,127.16 3 0
github.com/mertenvg/dmcn/internal/relay/relay.go:127.16,129.3 1 0
github.com/mertenvg/dmcn/internal/relay/relay.go:131.2,133.9 2 0
github.com/mertenvg/dmcn/internal/relay/relay.go:134.29,135.62 1 0
github.com/mertenvg/dmcn/internal/relay/relay.go:136.33,138.9 2 0
github.com/mertenvg/dmcn/internal/relay/relay.go:139.27,140.35 1 0
github.com/mertenvg/dmcn/internal/relay/relay.go:141.28,142.24 1 0
github.com/mertenvg/dmcn/internal/relay/relay.go:143.10,144.66 1 0
github.com/mertenvg/dmcn/internal/relay/relay.go:147.2,147.24 1 0
github.com/mertenvg/dmcn/internal/relay/relay.go:151.88,156.41 3 0
github.com/mertenvg/dmcn/internal/relay/relay.go:156.41,158.3 1 0
github.com/mertenvg/dmcn/internal/relay/relay.go:161.2,162.16 2 0
github.com/mertenvg/dmcn/internal/relay/relay.go:162.16,163.43 1 0
github.com/mertenvg/dmcn/internal/relay/relay.go:163.43,165.4 1 0
github.com/mertenvg/dmcn/internal/relay/relay.go:166.3,166.79 1 0
github.com/mertenvg/dmcn/internal/relay/relay.go:170.2,171.16 2 0
github.com/mertenvg/dmcn/internal/relay/relay.go:171.16,173.3 1 0
github.com/mertenvg/dmcn/internal/relay/relay.go:176.2,177.16 2 0
github.com/mertenvg/dmcn/internal/relay/relay.go:177.16,179.3 1 0
github.com/mertenvg/dmcn/internal/relay/relay.go:180.2,182.96 2 0
github.com/mertenvg/dmcn/internal/relay/relay.go:182.96,184.3 1 0
github.com/mertenvg/dmcn/internal/relay/relay.go:194.2,194.37 1 0
github.com/mertenvg/dmcn/internal/relay/relay.go:194.37,198.3 2 0
github.com/mertenvg/dmcn/internal/relay/relay.go:200.2,206.3 1 0
github.com/mertenvg/dmcn/internal/relay/relay.go:210.71,216.16 4 0
github.com/mertenvg/dmcn/internal/relay/relay.go:216.16,219.3 2 0
github.com/mertenvg/dmcn/internal/relay/relay.go:222.2,223.16 2 0
github.com/mertenvg/dmcn/internal/relay/relay.go:223.16,226.3 2 0
github.com/mertenvg/dmcn/internal/relay/relay.go:229.2,236.52 2 0
github.com/mertenvg/dmcn/internal/relay/relay.go:236.52,238.3 1 0
github.com/mertenvg/dmcn/internal/relay/relay.go:241.2,242.16 2 0
github.com/mertenvg/dmcn/internal/relay/relay.go:242.16,244.3 1 0
github.com/mertenvg/dmcn/internal/relay/relay.go:245.2,246.18 2 0
github.com/mertenvg/dmcn/internal/relay/relay.go:246.18,249.3 2 0
github.com/mertenvg/dmcn/internal/relay/relay.go:252.2,252.81 1 0
github.com/mertenvg/dmcn/internal/relay/relay.go:252.81,255.3 2 0
github.com/mertenvg/dmcn/internal/relay/relay.go:259.2,264.27 5 0
github.com/mertenvg/dmcn/internal/relay/relay.go:264.27,268.3 3 0
github.com/mertenvg/dmcn/internal/relay/relay.go:270.2,277.4 1 0
github.com/mertenvg/dmcn/internal/relay/relay.go:281.73,285.42 3 0
github.com/mertenvg/dmcn/internal/relay/relay.go:285.42,287.3 1 0
github.com/mertenvg/dmcn/internal/relay/relay.go:289.2,293.3 1 0
github.com/mertenvg/dmcn/internal/relay/relay.go:297.52,308.2 2 0
github.com/mertenvg/dmcn/internal/relay/relay.go:313.152,315.16 2 0
github.com/mertenvg/dmcn/internal/relay/relay.go:315.16,317.3 1 0
github.com/mertenvg/dmcn/internal/relay/relay.go:318.2,323.16 4 0
github.com/mertenvg/dmcn/internal/relay/relay.go:323.16,325.3 1 0
github.com/mertenvg/dmcn/internal/relay/relay.go:326.2,330.16 3 0
github.com/mertenvg/dmcn/internal/relay/relay.go:330.16,332.3 1 0
github.com/mertenvg/dmcn/internal/relay/relay.go:334.2,344.45 2 0
github.com/mertenvg/dmcn/internal/relay/relay.go:344.45,346.3 1 0
github.com/mertenvg/dmcn/internal/relay/relay.go:348.2,349.16 2 0
github.com/mertenvg/dmcn/internal/relay/relay.go:349.16,351.3 1 0
github.com/mertenvg/dmcn/internal/relay/relay.go:353.2,353.48 1 0
github.com/mertenvg/dmcn/internal/relay/relay.go:353.48,354.23 1 0
github.com/mertenvg/dmcn/internal/relay/relay.go:355.30,356.44 1 0
github.com/mertenvg/dmcn/internal/relay/relay.go:357.23,358.37 1 0
github.com/mertenvg/dmcn/internal/relay/relay.go:359.11,360.88 1 0
github.com/mertenvg/dmcn/internal/relay/relay.go:364.2,365.22 2 0
github.com/mertenvg/dmcn/internal/relay/relay.go:365.22,367.3 1 0
github.com/mertenvg/dmcn/internal/relay/relay.go:369.2,370.21 2 0
github.com/mertenvg/dmcn/internal/relay/relay.go:374.182,376.16 2 0
github.com/mertenvg/dmcn/internal/relay/relay.go:376.16,378.3 1 0
github.com/mertenvg/dmcn/internal/relay/relay.go:379.2,383.16 4 0
github.com/mertenvg/dmcn/internal/relay/relay.go:383.16,385.3 1 0
github.com/mertenvg/dmcn/internal/relay/relay.go:386.2,389.16 3 0
github.com/mertenvg/dmcn/internal/relay/relay.go:389.16,391.3 1 0
github.com/mertenvg/dmcn/internal/relay/relay.go:393.2,403.45 2 0
github.com/mertenvg/dmcn/internal/relay/relay.go:403.45,405.3 1 0
github.com/mertenvg/dmcn/internal/relay/relay.go:407.2,408.16 2 0
github.com/mertenvg/dmcn/internal/relay/relay.go:408.16,410.3 1 0
github.com/mertenvg/dmcn/internal/relay/relay.go:412.2,412.48 1 0
github.com/mertenvg/dmcn/internal/relay/relay.go:412.48,413.23 1 0
github.com/mertenvg/dmcn/internal/relay/relay.go:414.30,415.44 1 0
github.com/mertenvg/dmcn/internal/relay/relay.go:416.23,417.37 1 0
github.com/mertenvg/dmcn/internal/relay/relay.go:418.11,419.88 1 0
github.com/mertenvg/dmcn/internal/relay/relay.go:423.2,424.22 2 0
github.com/mertenvg/dmcn/internal/relay/relay.go:424.22,426.3 1 0
github.com/mertenvg/dmcn/internal/relay/relay.go:428.2,429.21 2 0
github.com/mertenvg/dmcn/internal/relay/relay.go:433.162,435.16 2 0
github.com/mertenvg/dmcn/internal/relay/relay.go:435.16,437.3 1 0
github.com/mertenvg/dmcn/internal/relay/relay.go:438.2,446.45 3 0
github.com/mertenvg/dmcn/internal/relay/relay.go:446.45,448.3 1 0
github.com/mertenvg/dmcn/internal/relay/relay.go:451.2,452.16 2 0
github.com/mertenvg/dmcn/internal/relay/relay.go:452.16,454.3 1 0
github.com/mertenvg/dmcn/internal/relay/relay.go:455.2,455.48 1 0
github.com/mertenvg/dmcn/internal/relay/relay.go:455.48,457.3 1 0
github.com/mertenvg/dmcn/internal/relay/relay.go:458.2,459.22 2 0
github.com/mertenvg/dmcn/internal/relay/relay.go:459.22,461.3 1 0
github.com/mertenvg/dmcn/internal/relay/relay.go:464.2,465.16 2 0
github.com/mertenvg/dmcn/internal/relay/relay.go:465.16,467.3 1 0
github.com/mertenvg/dmcn/internal/relay/relay.go:469.2,478.50 2 0
github.com/mertenvg/dmcn/internal/relay/relay.go:478.50,480.3 1 0
github.com/mertenvg/dmcn/internal/relay/relay.go:483.2,484.16 2 0
github.com/mertenvg/dmcn/internal/relay/relay.go:484.16,486.3 1 0
github.com/mertenvg/dmcn/internal/relay/relay.go:487.2,487.48 1 0
github.com/mertenvg/dmcn/internal/relay/relay.go:487.48,488.36 1 0
github.com/mertenvg/dmcn/internal/relay/relay.go:488.36,490.4 1 0
github.com/mertenvg/dmcn/internal/relay/relay.go:491.3,491.85 1 0
github.com/mertenvg/dmcn/internal/relay/relay.go:494.2,495.22 2 0
github.com/mertenvg/dmcn/internal/relay/relay.go:495.22,497.3 1 0
github.com/mertenvg/dmcn/internal/relay/relay.go:499.2,501.41 3 0
github.com/mertenvg/dmcn/internal/relay/relay.go:501.41,503.17 2 0
github.com/mertenvg/dmcn/internal/relay/relay.go:503.17,505.4 1 0
github.com/mertenvg/dmcn/internal/relay/relay.go:506.3,507.40 2 0
github.com/mertenvg/dmcn/internal/relay/relay.go:507.40,509.4 1 0
github.com/mertenvg/dmcn/internal/relay/relay.go:512.2,512.26 1 0
github.com/mertenvg/dmcn/internal/relay/relay.go:516.93,518.16 2 0
github.com/mertenvg/dmcn/internal/relay/relay.go:518.16,520.3 1 0
github.com/mertenvg/dmcn/internal/relay/relay.go:521.2,530.45 3 0
github.com/mertenvg/dmcn/internal/relay/relay.go:530.45,532.3 1 0
github.com/mertenvg/dmcn/internal/relay/relay.go:534.2,535.16 2 0
github.com/mertenvg/dmcn/internal/relay/relay.go:535.16,537.3 1 0
github.com/mertenvg/dmcn/internal/relay/relay.go:538.2,538.48 1 0
github.com/mertenvg/dmcn/internal/relay/relay.go:538.48,540.3 1 0
github.com/mertenvg/dmcn/internal/relay/relay.go:542.2,542.12 1 0
github.com/mertenvg/dmcn/internal/relay/relay.go:546.95,548.16 2 0
github.com/mertenvg/dmcn/internal/relay/relay.go:548.16,550.3 1 0
github.com/mertenvg/dmcn/internal/relay/relay.go:551.2,558.45 3 0
github.com/mertenvg/dmcn/internal/relay/relay.go:558.45,560.3 1 0
github.com/mertenvg/dmcn/internal/relay/relay.go:562.2,563.16 2 0
github.com/mertenvg/dmcn/internal/relay/relay.go:563.16,565.3 1 0
github.com/mertenvg/dmcn/internal/relay/relay.go:566.2,566.48 1 0
github.com/mertenvg/dmcn/internal/relay/relay.go:566.48,568.3 1 0
github.com/mertenvg/dmcn/internal/relay/relay.go:570.2,570.28 1 0
github.com/mertenvg/dmcn/internal/relay/relay.go:576.64,578.2 1 0
github.com/mertenvg/dmcn/internal/relay/relay.go:580.67,582.2 1 0
github.com/mertenvg/dmcn/internal/relay/relay.go:584.61,586.44 2 0
github.com/mertenvg/dmcn/internal/relay/relay.go:586.44,588.3 1 0
github.com/mertenvg/dmcn/internal/relay/relay.go:589.2,589.17 1 0
github.com/mertenvg/dmcn/internal/relay/relay.go:592.63,594.45 2 0
github.com/mertenvg/dmcn/internal/relay/relay.go:594.45,596.3 1 0
github.com/mertenvg/dmcn/internal/relay/relay.go:597.2,597.18 1 0
github.com/mertenvg/dmcn/internal/relay/relay.go:600.57,602.16 2 0
github.com/mertenvg/dmcn/internal/relay/relay.go:602.16,604.3 1 0
github.com/mertenvg/dmcn/internal/relay/relay.go:605.2,605.32 1 0
github.com/mertenvg/dmcn/internal/relay/relay.go:605.32,607.3 1 0
github.com/mertenvg/dmcn/internal/relay/relay.go:610.2,612.46 3 0
github.com/mertenvg/dmcn/internal/relay/relay.go:612.46,614.3 1 0
github.com/mertenvg/dmcn/internal/relay/relay.go:615.2,615.41 1 0
github.com/mertenvg/dmcn/internal/relay/relay.go:615.41,617.3 1 0
github.com/mertenvg/dmcn/internal/relay/relay.go:618.2,618.12 1 0
github.com/mertenvg/dmcn/internal/relay/relay.go:621.56,624.53 2 0
github.com/mertenvg/dmcn/internal/relay/relay.go:624.53,626.3 1 0
github.com/mertenvg/dmcn/internal/relay/relay.go:627.2,628.29 2 0
github.com/mertenvg/dmcn/internal/relay/relay.go:628.29,630.3 1 0
github.com/mertenvg/dmcn/internal/relay/relay.go:632.2,633.48 2 0
github.com/mertenvg/dmcn/internal/relay/relay.go:633.48,635.3 1 0
github.com/mertenvg/dmcn/internal/relay/relay.go:636.2,636.51 1 0
github.com/mertenvg/dmcn/internal/relay/relay.go:636.51,638.3 1 0
github.com/mertenvg/dmcn/internal/relay/relay.go:639.2,639.12 1 0
github.com/mertenvg/dmcn/internal/relay/relay.go:642.60,651.2 1 0
github.com/mertenvg/dmcn/internal/relay/store.go:43.38,48.2 1 1
github.com/mertenvg/dmcn/internal/relay/store.go:51.99,63.2 5 1
github.com/mertenvg/dmcn/internal/relay/store.go:67.95,74.28 6 1
github.com/mertenvg/dmcn/internal/relay/store.go:74.28,75.27 1 1
github.com/mertenvg/dmcn/internal/relay/store.go:75.27,78.4 2 1
github.com/mertenvg/dmcn/internal/relay/store.go:80.2,80.21 1 1
github.com/mertenvg/dmcn/internal/relay/store.go:84.49,89.9 4 1
github.com/mertenvg/dmcn/internal/relay/store.go:89.9,91.3 1 1
github.com/mertenvg/dmcn/internal/relay/store.go:92.2,93.12 2 1
github.com/mertenvg/dmcn/internal/relay/store.go:97.80,102.9 4 1
github.com/mertenvg/dmcn/internal/relay/store.go:102.9,104.3 1 1
github.com/mertenvg/dmcn/internal/relay/store.go:105.2,105.23 1 1
github.com/mertenvg/dmcn/internal/relay/store.go:109.39,113.2 3 1
github.com/mertenvg/dmcn/internal/keystore/keystore.go:60.45,65.2 1 0
github.com/mertenvg/dmcn/internal/keystore/keystore.go:69.79,74.39 4 0
github.com/mertenvg/dmcn/internal/keystore/keystore.go:74.39,76.3 1 0
github.com/mertenvg/dmcn/internal/keystore/keystore.go:77.2,77.23 1 0
github.com/mertenvg/dmcn/internal/keystore/keystore.go:77.23,79.3 1 0
github.com/mertenvg/dmcn/internal/keystore/keystore.go:81.2,90.31 2 0
github.com/mertenvg/dmcn/internal/keystore/keystore.go:95.77,100.16 4 0
github.com/mertenvg/dmcn/internal/keystore/keystore.go:100.16,101.25 1 0
github.com/mertenvg/dmcn/internal/keystore/keystore.go:101.25,103.4 1 0
github.com/mertenvg/dmcn/internal/keystore/keystore.go:104.3,104.18 1 0
github.com/mertenvg/dmcn/internal/keystore/keystore.go:107.2,108.9 2 0
github.com/mertenvg/dmcn/internal/keystore/keystore.go:108.9,110.3 1 0
github.com/mertenvg/dmcn/internal/keystore/keystore.go:112.2,112.27 1 0
github.com/mertenvg/dmcn/internal/keystore/keystore.go:116.46,121.16 4 0
github.com/mertenvg/dmcn/internal/keystore/keystore.go:121.16,122.25 1 0
github.com/mertenvg/dmcn/internal/keystore/keystore.go:122.25,124.4 1 0
github.com/mertenvg/dmcn/internal/keystore/keystore.go:125.3,125.18 1 0
github.com/mertenvg/dmcn/internal/keystore/keystore.go:128.2,129.31 2 0
github.com/mertenvg/dmcn/internal/keystore/keystore.go:129.31,131.3 1 0
github.com/mertenvg/dmcn/internal/keystore/keystore.go:132.2,132.19 1 0
github.com/mertenvg/dmcn/internal/keystore/keystore.go:136.66,138.16 2 0
github.com/mertenvg/dmcn/internal/keystore/keystore.go:138.16,140.3 1 0
github.com/mertenvg/dmcn/internal/keystore/keystore.go:142.2,143.50 2 0
github.com/mertenvg/dmcn/internal/keystore/keystore.go:143.50,145.3 1 0
github.com/mertenvg/dmcn/internal/keystore/keystore.go:147.2,148.16 2 0
github.com/mertenvg/dmcn/internal/keystore/keystore.go:148.16,150.3 1 0
github.com/mertenvg/dmcn/internal/keystore/keystore.go:151.2,152.16 2 0
github.com/mertenvg/dmcn/internal/keystore/keystore.go:152.16,154.3 1 0
github.com/mertenvg/dmcn/internal/keystore/keystore.go:155.2,156.16 2 0
github.com/mertenvg/dmcn/internal/keystore/keystore.go:156.16,158.3 1 0
github.com/mertenvg/dmcn/internal/keystore/keystore.go:159.2,160.16 2 0
github.com/mertenvg/dmcn/internal/keystore/keystore.go:160.16,162.3 1 0
github.com/mertenvg/dmcn/internal/keystore/keystore.go:164.2,165.16 2 0
github.com/mertenvg/dmcn/internal/keystore/keystore.go:165.16,167.3 1 0
github.com/mertenvg/dmcn/internal/keystore/keystore.go:169.2,170.16 2 0
github.com/mertenvg/dmcn/internal/keystore/keystore.go:170.16,172.3 1 0
github.com/mertenvg/dmcn/internal/keystore/keystore.go:174.2,175.63 2 0
github.com/mertenvg/dmcn/internal/keystore/keystore.go:175.63,177.3 1 0
github.com/mertenvg/dmcn/internal/keystore/keystore.go:179.2,179.24 1 0
github.com/mertenvg/dmcn/internal/keystore/keystore.go:183.73,185.16 2 0
github.com/mertenvg/dmcn/internal/keystore/keystore.go:185.16,187.3 1 0
github.com/mertenvg/dmcn/internal/keystore/keystore.go:189.2,190.16 2 0
github.com/mertenvg/dmcn/internal/keystore/keystore.go:190.16,192.3 1 0
github.com/mertenvg/dmcn/internal/keystore/keystore.go:194.2,195.16 2 0
github.com/mertenvg/dmcn/internal/keystore/keystore.go:195.16,197.3 1 0
github.com/mertenvg/dmcn/internal/keystore/keystore.go:199.2,200.16 2 0
github.com/mertenvg/dmcn/internal/keystore/keystore.go:200.16,202.3 1 0
github.com/mertenvg/dmcn/internal/keystore/keystore.go:204.2,213.16 3 0
github.com/mertenvg/dmcn/internal/keystore/keystore.go:213.16,215.3 1 0
github.com/mertenvg/dmcn/internal/keystore/keystore.go:217.2,217.58 1 0
github.com/mertenvg/dmcn/internal/keystore/keystore.go:217.58,219.3 1 0
github.com/mertenvg/dmcn/internal/keystore/keystore.go:221.2,221.12 1 0
github.com/mertenvg/dmcn/internal/keystore/keystore.go:225.73,227.16 2 0
github.com/mertenvg/dmcn/internal/keystore/keystore.go:227.16,229.3 1 0
github.com/mertenvg/dmcn/internal/keystore/keystore.go:230.2,231.16 2 0
github.com/mertenvg/dmcn/internal/keystore/keystore.go:231.16,233.3 1 0
github.com/mertenvg/dmcn/internal/keystore/keystore.go:234.2,235.16 2 0
github.com/mertenvg/dmcn/internal/keystore/keystore.go:235.16,237.3 1 0
github.com/mertenvg/dmcn/internal/keystore/keystore.go:238.2,239.16 2 0
github.com/mertenvg/dmcn/internal/keystore/keystore.go:239.16,241.3 1 0
github.com/mertenvg/dmcn/internal/keystore/keystore.go:242.2,243.16 2 0
github.com/mertenvg/dmcn/internal/keystore/keystore.go:243.16,245.3 1 0
github.com/mertenvg/dmcn/internal/keystore/keystore.go:247.2,256.16 5 0
github.com/mertenvg/dmcn/internal/node/node.go:40.58,44.16 3 1
github.com/mertenvg/dmcn/internal/node/node.go:44.16,47.3 2 0
github.com/mertenvg/dmcn/internal/node/node.go:49.2,52.16 2 1
github.com/mertenvg/dmcn/internal/node/node.go:52.16,55.3 2 0
github.com/mertenvg/dmcn/internal/node/node.go:58.2,61.16 2 1
github.com/mertenvg/dmcn/internal/node/node.go:61.16,65.3 3 0
github.com/mertenvg/dmcn/internal/node/node.go:68.2,73.28 4 1
github.com/mertenvg/dmcn/internal/node/node.go:73.28,75.3 1 0
github.com/mertenvg/dmcn/internal/node/node.go:77.2,87.46 2 1
github.com/mertenvg/dmcn/internal/node/node.go:87.46,88.49 1 0
github.com/mertenvg/dmcn/internal/node/node.go:88.49,91.4 1 0
github.com/mertenvg/dmcn/internal/node/node.go:94.2,94.15 1 1
github.com/mertenvg/dmcn/internal/node/node.go:98.33,100.2 1 0
github.com/mertenvg/dmcn/internal/node/node.go:103.46,105.2 1 1
github.com/mertenvg/dmcn/internal/node/node.go:108.37,110.2 1 1
github.com/mertenvg/dmcn/internal/node/node.go:114.46,116.2 1 0
github.com/mertenvg/dmcn/internal/node/node.go:119.33,121.2 1 1
github.com/mertenvg/dmcn/internal/node/node.go:124.33,131.16 4 1
github.com/mertenvg/dmcn/internal/node/node.go:131.16,133.3 1 0
github.com/mertenvg/dmcn/internal/node/node.go:134.2,135.26 2 1
github.com/mertenvg/dmcn/internal/node/node.go:135.26,137.3 1 1
github.com/mertenvg/dmcn/internal/node/node.go:138.2,138.15 1 1
github.com/mertenvg/dmcn/internal/node/node.go:142.47,144.16 2 1
github.com/mertenvg/dmcn/internal/node/node.go:144.16,146.3 1 0
github.com/mertenvg/dmcn/internal/node/node.go:148.2,149.16 2 1
github.com/mertenvg/dmcn/internal/node/node.go:149.16,151.3 1 0
github.com/mertenvg/dmcn/internal/node/node.go:153.2,153.57 1 1
github.com/mertenvg/dmcn/internal/node/node.go:153.57,155.3 1 0
github.com/mertenvg/dmcn/internal/node/node.go:157.2,157.12 1 1
github.com/mertenvg/dmcn/internal/node/node.go:161.30,167.2 5 1
github.com/mertenvg/dmcn/internal/registry/registry.go:48.48,49.26 1 0
github.com/mertenvg/dmcn/internal/registry/registry.go:49.26,51.3 1 0
github.com/mertenvg/dmcn/internal/registry/registry.go:55.43,56.26 1 1
github.com/mertenvg/dmcn/internal/registry/registry.go:56.26,58.3 1 1
github.com/mertenvg/dmcn/internal/registry/registry.go:62.79,66.25 2 1
github.com/mertenvg/dmcn/internal/registry/registry.go:66.25,68.3 1 1
github.com/mertenvg/dmcn/internal/registry/registry.go:70.2,77.16 3 1
github.com/mertenvg/dmcn/internal/registry/registry.go:77.16,79.3 1 0
github.com/mertenvg/dmcn/internal/registry/registry.go:81.2,81.41 1 1
github.com/mertenvg/dmcn/internal/registry/registry.go:81.41,83.3 1 0
github.com/mertenvg/dmcn/internal/registry/registry.go:85.2,85.40 1 1
github.com/mertenvg/dmcn/internal/registry/registry.go:90.86,91.37 1 1
github.com/mertenvg/dmcn/internal/registry/registry.go:91.37,93.3 1 0
github.com/mertenvg/dmcn/internal/registry/registry.go:95.2,97.16 3 1
github.com/mertenvg/dmcn/internal/registry/registry.go:97.16,99.3 1 0
github.com/mertenvg/dmcn/internal/registry/registry.go:101.2,102.55 2 1
github.com/mertenvg/dmcn/internal/registry/registry.go:102.55,104.3 1 1
github.com/mertenvg/dmcn/internal/registry/registry.go:106.2,106.12 1 1
github.com/mertenvg/dmcn/internal/registry/registry.go:111.98,115.16 3 1
github.com/mertenvg/dmcn/internal/registry/registry.go:115.16,118.3 1 1
github.com/mertenvg/dmcn/internal/registry/registry.go:120.2,121.16 2 1
github.com/mertenvg/dmcn/internal/registry/registry.go:121.16,123.3 1 0
github.com/mertenvg/dmcn/internal/registry/registry.go:125.2,125.37 1 1
github.com/mertenvg/dmcn/internal/registry/registry.go:125.37,127.3 1 0
github.com/mertenvg/dmcn/internal/registry/registry.go:129.2,129.17 1 1
github.com/mertenvg/dmcn/internal/registry/registry.go:133.34,135.2 1 1
github.com/mertenvg/dmcn/internal/registry/registry.go:138.42,141.2 2 1
github.com/mertenvg/dmcn/internal/registry/registry.go:144.69,146.16 2 1
github.com/mertenvg/dmcn/internal/registry/registry.go:146.16,148.3 1 0
github.com/mertenvg/dmcn/internal/registry/registry.go:149.2,149.17 1 1
github.com/mertenvg/dmcn/internal/registry/registry.go:161.70,163.16 2 1
github.com/mertenvg/dmcn/internal/registry/registry.go:163.16,165.3 1 0
github.com/mertenvg/dmcn/internal/registry/registry.go:166.2,166.37 1 1
github.com/mertenvg/dmcn/internal/registry/registry.go:166.37,168.3 1 0
github.com/mertenvg/dmcn/internal/registry/registry.go:169.2,169.12 1 1
github.com/mertenvg/dmcn/internal/registry/registry.go:173.76,174.20 1 0
github.com/mertenvg/dmcn/internal/registry/registry.go:174.20,176.3 1 0
github.com/mertenvg/dmcn/internal/registry/registry.go:177.2,179.16 3 0
github.com/mertenvg/dmcn/internal/registry/registry.go:179.16,181.3 1 0
github.com/mertenvg/dmcn/internal/registry/registry.go:183.2,183.33 1 0
github.com/mertenvg/dmcn/internal/registry/registry.go:183.33,185.17 2 0
github.com/mertenvg/dmcn/internal/registry/registry.go:185.17,186.12 1 0
github.com/mertenvg/dmcn/internal/registry/registry.go:188.3,188.45 1 0
github.com/mertenvg/dmcn/internal/registry/registry.go:188.45,191.4 2 0
github.com/mertenvg/dmcn/internal/registry/registry.go:193.2,193.21 1 0
github.com/mertenvg/dmcn/internal/relay/ratelimit.go:23.50,30.2 1 1
github.com/mertenvg/dmcn/internal/relay/ratelimit.go:34.54,44.29 7 1
github.com/mertenvg/dmcn/internal/relay/ratelimit.go:44.29,45.22 1 1
github.com/mertenvg/dmcn/internal/relay/ratelimit.go:45.22,47.4 1 1
github.com/mertenvg/dmcn/internal/relay/ratelimit.go:50.2,50.34 1 1
github.com/mertenvg/dmcn/internal/relay/ratelimit.go:50.34,53.3 2 1
github.com/mertenvg/dmcn/internal/relay/ratelimit.go:55.2,56.13 2 1
github.com/mertenvg/dmcn/internal/relay/relay.go:61.65,66.25 2 1
github.com/mertenvg/dmcn/internal/relay/relay.go:66.25,68.3 1 0
github.com/mertenvg/dmcn/internal/relay/relay.go:70.2,76.3 1 1
github.com/mertenvg/dmcn/internal/relay/relay.go:88.43,89.31 1 0
github.com/mertenvg/dmcn/internal/relay/relay.go:89.31,91.3 1 0
github.com/mertenvg/dmcn/internal/relay/relay.go:95.25,98.15 3 1
github.com/mertenvg/dmcn/internal/relay/relay.go:98.15,100.3 1 0
github.com/mertenvg/dmcn/internal/relay/relay.go:101.2,103.53 3 1
github.com/mertenvg/dmcn/internal/relay/relay.go:107.24,110.16 3 1
github.com/mertenvg/dmcn/internal/relay/relay.go:110.16,112.3 1 0
github.com/mertenvg/dmcn/internal/relay/relay.go:113.2,114.40 2 1
github.com/mertenvg/dmcn/internal/relay/relay.go:118.39,120.2 1 1
github.com/mertenvg/dmcn/internal/relay/relay.go:123.48,127.16 3 1
github.com/mertenvg/dmcn/internal/relay/relay.go:127.16,129.3 1 0
github.com/mertenvg/dmcn/internal/relay/relay.go:131.2,133.9 2 1
github.com/mertenvg/dmcn/internal/relay/relay.go:134.29,135.62 1 1
github.com/mertenvg/dmcn/internal/relay/relay.go:136.33,138.9 2 1
github.com/mertenvg/dmcn/internal/relay/relay.go:139.27,140.35 1 1
github.com/mertenvg/dmcn/internal/relay/relay.go:141.28,142.24 1 1
github.com/mertenvg/dmcn/internal/relay/relay.go:143.10,144.66 1 0
github.com/mertenvg/dmcn/internal/relay/relay.go:147.2,147.24 1 1
github.com/mertenvg/dmcn/internal/relay/relay.go:151.88,156.41 3 1
github.com/mertenvg/dmcn/internal/relay/relay.go:156.41,158.3 1 1
github.com/mertenvg/dmcn/internal/relay/relay.go:161.2,162.16 2 1
github.com/mertenvg/dmcn/internal/relay/relay.go:162.16,163.43 1 1
github.com/mertenvg/dmcn/internal/relay/relay.go:163.43,165.4 1 1
github.com/mertenvg/dmcn/internal/relay/relay.go:166.3,166.79 1 0
github.com/mertenvg/dmcn/internal/relay/relay.go:170.2,171.16 2 1
github.com/mertenvg/dmcn/internal/relay/relay.go:171.16,173.3 1 0
github.com/mertenvg/dmcn/internal/relay/relay.go:176.2,177.16 2 1
github.com/mertenvg/dmcn/internal/relay/relay.go:177.16,179.3 1 0
github.com/mertenvg/dmcn/internal/relay/relay.go:180.2,182.96 2 1
github.com/mertenvg/dmcn/internal/relay/relay.go:182.96,184.3 1 0
github.com/mertenvg/dmcn/internal/relay/relay.go:194.2,194.37 1 1
github.com/mertenvg/dmcn/internal/relay/relay.go:194.37,198.3 2 1
github.com/mertenvg/dmcn/internal/relay/relay.go:200.2,206.3 1 1
github.com/mertenvg/dmcn/internal/relay/relay.go:210.71,216.16 4 1
github.com/mertenvg/dmcn/internal/relay/relay.go:216.16,219.3 2 0
github.com/mertenvg/dmcn/internal/relay/relay.go:222.2,223.16 2 1
github.com/mertenvg/dmcn/internal/relay/relay.go:223.16,226.3 2 0
github.com/mertenvg/dmcn/internal/relay/relay.go:229.2,236.52 2 1
github.com/mertenvg/dmcn/internal/relay/relay.go:236.52,238.3 1 0
github.com/mertenvg/dmcn/internal/relay/relay.go:241.2,242.16 2 1
github.com/mertenvg/dmcn/internal/relay/relay.go:242.16,244.3 1 0
github.com/mertenvg/dmcn/internal/relay/relay.go:245.2,246.18 2 1
github.com/mertenvg/dmcn/internal/relay/relay.go:246.18,249.3 2 0
github.com/mertenvg/dmcn/internal/relay/relay.go:252.2,252.81 1 1
github.com/mertenvg/dmcn/internal/relay/relay.go:252.81,255.3 2 0
github.com/mertenvg/dmcn/internal/relay/relay.go:259.2,264.27 5 1
github.com/mertenvg/dmcn/internal/relay/relay.go:264.27,268.3 3 1
github.com/mertenvg/dmcn/internal/relay/relay.go:270.2,277.4 1 1
github.com/mertenvg/dmcn/internal/relay/relay.go:281.73,285.42 3 1
github.com/mertenvg/dmcn/internal/relay/relay.go:285.42,287.3 1 0
github.com/mertenvg/dmcn/internal/relay/relay.go:289.2,293.3 1 1
github.com/mertenvg/dmcn/internal/relay/relay.go:297.52,308.2 2 1
github.com/mertenvg/dmcn/internal/relay/relay.go:313.152,315.16 2 0
github.com/mertenvg/dmcn/internal/relay/relay.go:315.16,317.3 1 0
github.com/mertenvg/dmcn/internal/relay/relay.go:318.2,323.16 4 0
github.com/mertenvg/dmcn/internal/relay/relay.go:323.16,325.3 1 0
github.com/mertenvg/dmcn/internal/relay/relay.go:326.2,330.16 3 0
github.com/mertenvg/dmcn/internal/relay/relay.go:330.16,332.3 1 0
github.com/mertenvg/dmcn/internal/relay/relay.go:334.2,344.45 2 0
github.com/mertenvg/dmcn/internal/relay/relay.go:344.45,346.3 1 0
github.com/mertenvg/dmcn/internal/relay/relay.go:348.2,349.16 2 0
github.com/mertenvg/dmcn/internal/relay/relay.go:349.16,351.3 1 0
github.com/mertenvg/dmcn/internal/relay/relay.go:353.2,353.48 1 0
github.com/mertenvg/dmcn/internal/relay/relay.go:353.48,354.23 1 0
github.com/mertenvg/dmcn/internal/relay/relay.go:355.30,356.44 1 0
github.com/mertenvg/dmcn/internal/relay/relay.go:357.23,358.37 1 0
github.com/mertenvg/dmcn/internal/relay/relay.go:359.11,360.88 1 0
github.com/mertenvg/dmcn/internal/relay/relay.go:364.2,365.22 2 0
github.com/mertenvg/dmcn/internal/relay/relay.go:365.22,367.3 1 0
github.com/mertenvg/dmcn/internal/relay/relay.go:369.2,370.21 2 0
github.com/mertenvg/dmcn/internal/relay/relay.go:374.182,376.16 2 1
github.com/mertenvg/dmcn/internal/relay/relay.go:376.16,378.3 1 0
github.com/mertenvg/dmcn/internal/relay/relay.go:379.2,383.16 4 1
github.com/mertenvg/dmcn/internal/relay/relay.go:383.16,385.3 1 0
github.com/mertenvg/dmcn/internal/relay/relay.go:386.2,389.16 3 1
github.com/mertenvg/dmcn/internal/relay/relay.go:389.16,391.3 1 0
github.com/mertenvg/dmcn/internal/relay/relay.go:393.2,403.45 2 1
github.com/mertenvg/dmcn/internal/relay/relay.go:403.45,405.3 1 0
github.com/mertenvg/dmcn/internal/relay/relay.go:407.2,408.16 2 1
github.com/mertenvg/dmcn/internal/relay/relay.go:408.16,410.3 1 0
github.com/mertenvg/dmcn/internal/relay/relay.go:412.2,412.48 1 1
github.com/mertenvg/dmcn/internal/relay/relay.go:412.48,413.23 1 1
github.com/mertenvg/dmcn/internal/relay/relay.go:414.30,415.44 1 1
github.com/mertenvg/dmcn/internal/relay/relay.go:416.23,417.37 1 1
github.com/mertenvg/dmcn/internal/relay/relay.go:418.11,419.88 1 0
github.com/mertenvg/dmcn/internal/relay/relay.go:423.2,424.22 2 1
github.com/mertenvg/dmcn/internal/relay/relay.go:424.22,426.3 1 0
github.com/mertenvg/dmcn/internal/relay/relay.go:428.2,429.21 2 1
github.com/mertenvg/dmcn/internal/relay/relay.go:433.162,435.16 2 1
github.com/mertenvg/dmcn/internal/relay/relay.go:435.16,437.3 1 0
github.com/mertenvg/dmcn/internal/relay/relay.go:438.2,446.45 3 1
github.com/mertenvg/dmcn/internal/relay/relay.go:446.45,448.3 1 0
github.com/mertenvg/dmcn/internal/relay/relay.go:451.2,452.16 2 1
github.com/mertenvg/dmcn/internal/relay/relay.go:452.16,454.3 1 0
github.com/mertenvg/dmcn/internal/relay/relay.go:455.2,455.48 1 1
github.com/mertenvg/dmcn/internal/relay/relay.go:455.48,457.3 1 0
github.com/mertenvg/dmcn/internal/relay/relay.go:458.2,459.22 2 1
github.com/mertenvg/dmcn/internal/relay/relay.go:459.22,461.3 1 0
github.com/mertenvg/dmcn/internal/relay/relay.go:464.2,465.16 2 1
github.com/mertenvg/dmcn/internal/relay/relay.go:465.16,467.3 1 0
github.com/mertenvg/dmcn/internal/relay/relay.go:469.2,478.50 2 1
github.com/mertenvg/dmcn/internal/relay/relay.go:478.50,480.3 1 0
github.com/mertenvg/dmcn/internal/relay/relay.go:483.2,484.16 2 1
github.com/mertenvg/dmcn/internal/relay/relay.go:484.16,486.3 1 0
github.com/mertenvg/dmcn/internal/relay/relay.go:487.2,487.48 1 1
github.com/mertenvg/dmcn/internal/relay/relay.go:487.48,488.36 1 0
github.com/mertenvg/dmcn/internal/relay/relay.go:488.36,490.4 1 0
github.com/mertenvg/dmcn/internal/relay/relay.go:491.3,491.85 1 0
github.com/mertenvg/dmcn/internal/relay/relay.go:494.2,495.22 2 1
github.com/mertenvg/dmcn/internal/relay/relay.go:495.22,497.3 1 0
github.com/mertenvg/dmcn/internal/relay/relay.go:499.2,501.41 3 1
github.com/mertenvg/dmcn/internal/relay/relay.go:501.41,503.17 2 1
github.com/mertenvg/dmcn/internal/relay/relay.go:503.17,505.4 1 0
github.com/mertenvg/dmcn/internal/relay/relay.go:506.3,507.40 2 1
github.com/mertenvg/dmcn/internal/relay/relay.go:507.40,509.4 1 1
github.com/mertenvg/dmcn/internal/relay/relay.go:512.2,512.26 1 1
github.com/mertenvg/dmcn/internal/relay/relay.go:516.93,518.16 2 1
github.com/mertenvg/dmcn/internal/relay/relay.go:518.16,520.3 1 0
github.com/mertenvg/dmcn/internal/relay/relay.go:521.2,530.45 3 1
github.com/mertenvg/dmcn/internal/relay/relay.go:530.45,532.3 1 0
github.com/mertenvg/dmcn/internal/relay/relay.go:534.2,535.16 2 1
github.com/mertenvg/dmcn/internal/relay/relay.go:535.16,537.3 1 0
github.com/mertenvg/dmcn/internal/relay/relay.go:538.2,538.48 1 1
github.com/mertenvg/dmcn/internal/relay/relay.go:538.48,540.3 1 0
github.com/mertenvg/dmcn/internal/relay/relay.go:542.2,542.12 1 1
github.com/mertenvg/dmcn/internal/relay/relay.go:546.95,548.16 2 1
github.com/mertenvg/dmcn/internal/relay/relay.go:548.16,550.3 1 0
github.com/mertenvg/dmcn/internal/relay/relay.go:551.2,558.45 3 1
github.com/mertenvg/dmcn/internal/relay/relay.go:558.45,560.3 1 0
github.com/mertenvg/dmcn/internal/relay/relay.go:562.2,563.16 2 1
github.com/mertenvg/dmcn/internal/relay/relay.go:563.16,565.3 1 0
github.com/mertenvg/dmcn/internal/relay/relay.go:566.2,566.48 1 1
github.com/mertenvg/dmcn/internal/relay/relay.go:566.48,568.3 1 0
github.com/mertenvg/dmcn/internal/relay/relay.go:570.2,570.28 1 1
github.com/mertenvg/dmcn/internal/relay/relay.go:576.64,578.2 1 1
github.com/mertenvg/dmcn/internal/relay/relay.go:580.67,582.2 1 1
github.com/mertenvg/dmcn/internal/relay/relay.go:584.61,586.44 2 1
github.com/mertenvg/dmcn/internal/relay/relay.go:586.44,588.3 1 0
github.com/mertenvg/dmcn/internal/relay/relay.go:589.2,589.17 1 1
github.com/mertenvg/dmcn/internal/relay/relay.go:592.63,594.45 2 1
github.com/mertenvg/dmcn/internal/relay/relay.go:594.45,596.3 1 0
github.com/mertenvg/dmcn/internal/relay/relay.go:597.2,597.18 1 1
github.com/mertenvg/dmcn/internal/relay/relay.go:600.57,602.16 2 1
github.com/mertenvg/dmcn/internal/relay/relay.go:602.16,604.3 1 0
github.com/mertenvg/dmcn/internal/relay/relay.go:605.2,605.32 1 1
github.com/mertenvg/dmcn/internal/relay/relay.go:605.32,607.3 1 0
github.com/mertenvg/dmcn/internal/relay/relay.go:610.2,612.46 3 1
github.com/mertenvg/dmcn/internal/relay/relay.go:612.46,614.3 1 0
github.com/mertenvg/dmcn/internal/relay/relay.go:615.2,615.41 1 1
github.com/mertenvg/dmcn/internal/relay/relay.go:615.41,617.3 1 0
github.com/mertenvg/dmcn/internal/relay/relay.go:618.2,618.12 1 1
github.com/mertenvg/dmcn/internal/relay/relay.go:621.56,624.53 2 1
github.com/mertenvg/dmcn/internal/relay/relay.go:624.53,626.3 1 0
github.com/mertenvg/dmcn/internal/relay/relay.go:627.2,628.29 2 1
github.com/mertenvg/dmcn/internal/relay/relay.go:628.29,630.3 1 0
github.com/mertenvg/dmcn/internal/relay/relay.go:632.2,633.48 2 1
github.com/mertenvg/dmcn/internal/relay/relay.go:633.48,635.3 1 0
github.com/mertenvg/dmcn/internal/relay/relay.go:636.2,636.51 1 1
github.com/mertenvg/dmcn/internal/relay/relay.go:636.51,638.3 1 0
github.com/mertenvg/dmcn/internal/relay/relay.go:639.2,639.12 1 1
github.com/mertenvg/dmcn/internal/relay/relay.go:642.60,651.2 1 1
github.com/mertenvg/dmcn/internal/relay/store.go:43.38,48.2 1 1
github.com/mertenvg/dmcn/internal/relay/store.go:51.99,63.2 5 1
github.com/mertenvg/dmcn/internal/relay/store.go:67.95,74.28 6 1
github.com/mertenvg/dmcn/internal/relay/store.go:74.28,75.27 1 1
github.com/mertenvg/dmcn/internal/relay/store.go:75.27,78.4 2 1
github.com/mertenvg/dmcn/internal/relay/store.go:80.2,80.21 1 1
github.com/mertenvg/dmcn/internal/relay/store.go:84.49,89.9 4 1
github.com/mertenvg/dmcn/internal/relay/store.go:89.9,91.3 1 0
github.com/mertenvg/dmcn/internal/relay/store.go:92.2,93.12 2 1
github.com/mertenvg/dmcn/internal/relay/store.go:97.80,102.9 4 1
github.com/mertenvg/dmcn/internal/relay/store.go:102.9,104.3 1 0
github.com/mertenvg/dmcn/internal/relay/store.go:105.2,105.23 1 1
github.com/mertenvg/dmcn/internal/relay/store.go:109.39,113.2 3 1
